  magazin.cpp
  main.cpp
  repoSTL.cpp
C:\Program Files (x86)\Microsoft Visual Studio\2019\Community\VC\Tools\MSVC\14.25.28610\include\xstddef(127,22): error C2676: binary '<': 'const _Ty' does not define this operator or a conversion to a type acceptable to the predefined operator
          with
          [
              _Ty=Magazin
          ]
C:\Program Files (x86)\Microsoft Visual Studio\2019\Community\VC\Tools\MSVC\14.25.28610\include\xstddef(126): message : while compiling class template member function 'bool std::less<Magazin>::operator ()(const _Ty &,const _Ty &) const'
          with
          [
              _Ty=Magazin
          ]
C:\Program Files (x86)\Microsoft Visual Studio\2019\Community\VC\Tools\MSVC\14.25.28610\include\xutility(1469): message : see reference to function template instantiation 'bool std::less<Magazin>::operator ()(const _Ty &,const _Ty &) const' being compiled
          with
          [
              _Ty=Magazin
          ]
C:\Program Files (x86)\Microsoft Visual Studio\2019\Community\VC\Tools\MSVC\14.25.28610\include\xmemory(1318): message : see reference to class template instantiation 'std::less<Magazin>' being compiled
C:\Program Files (x86)\Microsoft Visual Studio\2019\Community\VC\Tools\MSVC\14.25.28610\include\xmemory(1318): message : see reference to variable template 'const bool is_empty_v<std::less<Magazin> >' being compiled
C:\Program Files (x86)\Microsoft Visual Studio\2019\Community\VC\Tools\MSVC\14.25.28610\include\set(54): message : see reference to class template instantiation 'std::_Tree<std::_Tset_traits<_Kty,_Pr,_Alloc,false>>' being compiled
          with
          [
              _Kty=Magazin,
              _Pr=std::less<Magazin>,
              _Alloc=std::allocator<Magazin>
          ]
C:\Users\lazar\source\repos\magazin\magazin\repoSTL.h(9): message : see reference to class template instantiation 'std::set<Magazin,std::less<Magazin>,std::allocator<Magazin>>' being compiled
  teste.cpp
  Generating Code...
